Problema #1
Sim, é satisfatível.

Problema #2
Sim, é satisfatível.

Problema #3
Não está na FNC.

Problema #4
Não, não é satisfatível.

Problema #5
Sim, é satisfatível.

Problema #6
Não, não é satisfatível.

Problema #9
Não está na FNC.

Problema #10
Não está na FNC.

Problema #12
Sim, é satisfatível.

Problema #14
Não está na FNC.

Problema #16
Não está na FNC.

Problema #18
Não está na FNC.

Problema #21
Não está na FNC.

Problema #22
Sim, é satisfatível.

Problema #23
Sim, é satisfatível.

Problema #26
Não está na FNC.

Problema #27
Nem todas as cláusulas são de Horn.

Problema #28
Nem todas as cláusulas são de Horn.

Problema #29
Sim, é satisfatível.

Problema #30
Sim, é satisfatível.

Problema #31
Não está na FNC.

Problema #32
Sim, é satisfatível.

Problema #33
Nem todas as cláusulas são de Horn.

Problema #34
Sim, é satisfatível.

Problema #35
Sim, é satisfatível.

Problema #36
Não está na FNC.

Problema #37
Não, não é satisfatível.

Problema #38
Não está na FNC.

Problema #39
Sim, é satisfatível.

Problema #40
Sim, é satisfatível.

Problema #41
Sim, é satisfatível.

Problema #42
Não está na FNC.

Problema #43
Nem todas as cláusulas são de Horn.

Problema #44
Não, não é satisfatível.

Problema #45
Não está na FNC.

Problema #46
Não, não é satisfatível.

Problema #47
Não está na FNC.

Problema #48
Sim, é satisfatível.

Problema #49
Sim, é satisfatível.

Problema #50
Não, não é satisfatível.

Problema #51
Não está na FNC.

Problema #52
Sim, é satisfatível.

Problema #53
Não está na FNC.

Problema #54
Nem todas as cláusulas são de Horn.

Problema #55
Não está na FNC.

Problema #56
Nem todas as cláusulas são de Horn.

Problema #57
Nem todas as cláusulas são de Horn.

Problema #58
Não está na FNC.

Problema #59
Não está na FNC.

Problema #60
Não, não é satisfatível.

Problema #61
Não está na FNC.

Problema #62
Sim, é satisfatível.

Problema #63
Não está na FNC.

Problema #64
Não está na FNC.

Problema #65
Não está na FNC.

Problema #66
Não, não é satisfatível.

Problema #67
Nem todas as cláusulas são de Horn.

Problema #68
Sim, é satisfatível.

Problema #69
Não, não é satisfatível.

Problema #70
Não, não é satisfatível.

Problema #71
Sim, é satisfatível.

Problema #72
Sim, é satisfatível.

Problema #73
Não, não é satisfatível.

Problema #74
Não está na FNC.

Problema #75
Não está na FNC.

Problema #76
Não está na FNC.

Problema #77
Sim, é satisfatível.

Problema #78
Sim, é satisfatível.

Problema #79
Não está na FNC.

Problema #80
Não, não é satisfatível.

Problema #81
Não está na FNC.

Problema #82
Não está na FNC.

Problema #83
Não está na FNC.

Problema #84
Não está na FNC.

Problema #85
Não está na FNC.

Problema #86
Nem todas as cláusulas são de Horn.

Problema #87
Não, não é satisfatível.

Problema #88
Não está na FNC.

Problema #89
Sim, é satisfatível.

Problema #90
Não está na FNC.

Problema #91
Não está na FNC.

Problema #92
Sim, é satisfatível.

Problema #93
Não está na FNC.

Problema #94
Não está na FNC.

Problema #95
Sim, é satisfatível.

Problema #96
Sim, é satisfatível.

Problema #97
Sim, é satisfatível.

Problema #98
Nem todas as cláusulas são de Horn.

Problema #99
Sim, é satisfatível.

Problema #100
Não está na FNC.

Problema #101
Sim, é satisfatível.

Problema #102
Sim, é satisfatível.

Problema #103
Sim, é satisfatível.

Problema #104
Não está na FNC.

Problema #105
Não está na FNC.

Problema #106
Não está na FNC.

Problema #107
Não está na FNC.

Problema #108
Não está na FNC.

Problema #109
Não está na FNC.

Problema #110
Não está na FNC.

Problema #111
Nem todas as cláusulas são de Horn.

Problema #112
Sim, é satisfatível.

Problema #113
Não está na FNC.

Problema #114
Não está na FNC.

Problema #115
Nem todas as cláusulas são de Horn.

Problema #116
Não, não é satisfatível.

Problema #117
Sim, é satisfatível.

Problema #118
Nem todas as cláusulas são de Horn.

Problema #119
Não está na FNC.

Problema #120
Não, não é satisfatível.

Problema #121
Sim, é satisfatível.

Problema #122
Nem todas as cláusulas são de Horn.

Problema #123
Não está na FNC.

Problema #124
Sim, é satisfatível.

Problema #125
Sim, é satisfatível.

Problema #126
Sim, é satisfatível.

Problema #127
Não está na FNC.

Problema #128
Não está na FNC.

Problema #129
Não está na FNC.

Problema #130
Não está na FNC.

Problema #131
Não está na FNC.

Problema #132
Sim, é satisfatível.

Problema #133
Sim, é satisfatível.

Problema #134
Não está na FNC.

Problema #135
Sim, é satisfatível.

Problema #136
Sim, é satisfatível.

Problema #137
Sim, é satisfatível.

Problema #138
Sim, é satisfatível.

Problema #139
Sim, é satisfatível.

Problema #140
Nem todas as cláusulas são de Horn.

Problema #141
Nem todas as cláusulas são de Horn.

Problema #142
Não está na FNC.

Problema #143
Sim, é satisfatível.

Problema #144
Não está na FNC.

Problema #145
Nem todas as cláusulas são de Horn.

Problema #146
Não está na FNC.

Problema #147
Não, não é satisfatível.

Problema #148
Não está na FNC.

Problema #149
Não está na FNC.

Problema #150
Não está na FNC.

Problema #151
Sim, é satisfatível.

Problema #152
Sim, é satisfatível.

Problema #153
Sim, é satisfatível.

Problema #154
Nem todas as cláusulas são de Horn.

Problema #155
Não está na FNC.

Problema #156
Não está na FNC.

Problema #157
Sim, é satisfatível.

Problema #158
Nem todas as cláusulas são de Horn.

Problema #159
Não, não é satisfatível.

Problema #160
Não está na FNC.

Problema #162
Sim, é satisfatível.

Problema #163
Não está na FNC.

Problema #164
Não está na FNC.

Problema #165
Não está na FNC.

Problema #166
Sim, é satisfatível.

Problema #167
Sim, é satisfatível.

Problema #168
Não está na FNC.

Problema #169
Não, não é satisfatível.

Problema #170
Sim, é satisfatível.

Problema #171
Não está na FNC.

Problema #172
Não está na FNC.

Problema #173
Sim, é satisfatível.

Problema #174
Sim, é satisfatível.

Problema #175
Não está na FNC.

Problema #176
Sim, é satisfatível.

Problema #177
Não está na FNC.

Problema #179
Não está na FNC.

Problema #180
Não está na FNC.

Problema #182
Não está na FNC.

Problema #183
Sim, é satisfatível.

Problema #184
Não está na FNC.

Problema #185
Nem todas as cláusulas são de Horn.

Problema #186
Não está na FNC.

Problema #188
Não está na FNC.

Problema #189
Sim, é satisfatível.

Problema #190
Não, não é satisfatível.

Problema #191
Sim, é satisfatível.

Problema #192
Não está na FNC.

Problema #193
Não está na FNC.

Problema #194
Não está na FNC.

Problema #195
Não, não é satisfatível.

Problema #196
Sim, é satisfatível.

Problema #197
Não está na FNC.

Problema #198
Não está na FNC.

Problema #199
Não, não é satisfatível.

Problema #201
Sim, é satisfatível.

Problema #202
Nem todas as cláusulas são de Horn.

Problema #203
Sim, é satisfatível.

Problema #204
Não está na FNC.

Problema #205
Sim, é satisfatível.

Problema #206
Não está na FNC.

Problema #207
Não está na FNC.

Problema #208
Não está na FNC.

Problema #209
Não está na FNC.

Problema #210
Não está na FNC.

Problema #211
Não está na FNC.

Problema #212
Não está na FNC.

Problema #213
Sim, é satisfatível.

Problema #214
Não está na FNC.

Problema #215
Não está na FNC.

Problema #216
Sim, é satisfatível.

Problema #217
Não está na FNC.

Problema #218
Não, não é satisfatível.

Problema #219
Não está na FNC.

Problema #220
Não está na FNC.

Problema #221
Não, não é satisfatível.

Problema #222
Não, não é satisfatível.

Problema #223
Não está na FNC.

Problema #224
Não está na FNC.

Problema #225
Não, não é satisfatível.

Problema #226
Não está na FNC.

Problema #227
Não está na FNC.

Problema #228
Não está na FNC.

Problema #229
Sim, é satisfatível.

Problema #230
Não, não é satisfatível.

Problema #231
Não está na FNC.

Problema #232
Sim, é satisfatível.

Problema #233
Nem todas as cláusulas são de Horn.

Problema #234
Sim, é satisfatível.

Problema #235
Não está na FNC.

Problema #236
Não está na FNC.

Problema #237
Não, não é satisfatível.

Problema #238
Não está na FNC.

Problema #239
Nem todas as cláusulas são de Horn.

Problema #240
Sim, é satisfatível.

Problema #241
Nem todas as cláusulas são de Horn.

Problema #242
Não está na FNC.

Problema #243
Não está na FNC.

Problema #244
Não está na FNC.

Problema #245
Sim, é satisfatível.

Problema #246
Não está na FNC.

Problema #247
Não está na FNC.

Problema #248
Não está na FNC.

Problema #249
Não está na FNC.

Problema #250
Nem todas as cláusulas são de Horn.

Problema #251
Sim, é satisfatível.

Problema #252
Não está na FNC.

Problema #253
Não está na FNC.

Problema #254
Não está na FNC.

Problema #255
Não está na FNC.

Problema #256
Sim, é satisfatível.

Problema #257
Não, não é satisfatível.

Problema #258
Não, não é satisfatível.

Problema #259
Sim, é satisfatível.

Problema #260
Sim, é satisfatível.

Problema #261
Nem todas as cláusulas são de Horn.

Problema #262
Não está na FNC.

Problema #263
Não, não é satisfatível.

Problema #264
Sim, é satisfatível.

Problema #265
Não está na FNC.

Problema #266
Sim, é satisfatível.

Problema #267
Não, não é satisfatível.

Problema #268
Não está na FNC.

Problema #269
Sim, é satisfatível.

Problema #270
Nem todas as cláusulas são de Horn.

Problema #271
Não está na FNC.

Problema #272
Não está na FNC.

Problema #273
Sim, é satisfatível.

Problema #274
Não está na FNC.

Problema #275
Não está na FNC.

Problema #276
Sim, é satisfatível.

Problema #277
Não está na FNC.

Problema #278
Sim, é satisfatível.

Problema #279
Não está na FNC.

Problema #280
Não está na FNC.

Problema #281
Sim, é satisfatível.

Problema #282
Não está na FNC.

Problema #283
Não está na FNC.

Problema #284
Nem todas as cláusulas são de Horn.

Problema #285
Sim, é satisfatível.

Problema #286
Não, não é satisfatível.

Problema #287
Não, não é satisfatível.

Problema #288
Não está na FNC.

Problema #289
Sim, é satisfatível.

Problema #290
Não está na FNC.

Problema #291
Não está na FNC.

Problema #292
Não está na FNC.

Problema #293
Sim, é satisfatível.

Problema #294
Não está na FNC.

Problema #295
Não, não é satisfatível.

Problema #296
Nem todas as cláusulas são de Horn.

Problema #297
Não está na FNC.

Problema #298
Não está na FNC.

Problema #299
Sim, é satisfatível.

Problema #300
Sim, é satisfatível.

Problema #301
Não está na FNC.

Problema #302
Nem todas as cláusulas são de Horn.

Problema #303
Não está na FNC.

Problema #304
Sim, é satisfatível.

Problema #305
Não está na FNC.

Problema #306
Não está na FNC.

Problema #307
Sim, é satisfatível.

Problema #308
Nem todas as cláusulas são de Horn.

Problema #309
Não está na FNC.

Problema #310
Sim, é satisfatível.

Problema #311
Não está na FNC.

Problema #312
Não está na FNC.

Problema #313
Nem todas as cláusulas são de Horn.

Problema #314
Sim, é satisfatível.

Problema #315
Não está na FNC.

Problema #316
Não está na FNC.

Problema #317
Sim, é satisfatível.

Problema #318
Sim, é satisfatível.

Problema #319
Sim, é satisfatível.

Problema #320
Não está na FNC.

Problema #321
Não está na FNC.

Problema #322
Não está na FNC.

Problema #323
Sim, é satisfatível.

Problema #324
Sim, é satisfatível.

Problema #325
Nem todas as cláusulas são de Horn.

Problema #326
Sim, é satisfatível.

Problema #327
Não está na FNC.

Problema #328
Não está na FNC.

Problema #329
Sim, é satisfatível.

Problema #330
Não está na FNC.

Problema #331
Não está na FNC.

Problema #332
Não, não é satisfatível.

Problema #333
Nem todas as cláusulas são de Horn.

Problema #334
Não, não é satisfatível.

Problema #335
Não está na FNC.

Problema #336
Sim, é satisfatível.

Problema #337
Sim, é satisfatível.

Problema #338
Nem todas as cláusulas são de Horn.

Problema #339
Sim, é satisfatível.

Problema #340
Nem todas as cláusulas são de Horn.

Problema #341
Sim, é satisfatível.

Problema #342
Não está na FNC.

Problema #343
Não está na FNC.

Problema #344
Sim, é satisfatível.

Problema #345
Sim, é satisfatível.

Problema #346
Não está na FNC.

Problema #347
Nem todas as cláusulas são de Horn.

Problema #348
Sim, é satisfatível.

Problema #349
Nem todas as cláusulas são de Horn.

Problema #350
Sim, é satisfatível.

Problema #351
Não está na FNC.

Problema #352
Sim, é satisfatível.

Problema #353
Não está na FNC.

Problema #354
Não está na FNC.

Problema #355
Não está na FNC.

Problema #356
Não está na FNC.

Problema #357
Não, não é satisfatível.

Problema #358
Não está na FNC.

Problema #359
Não está na FNC.

Problema #360
Sim, é satisfatível.

Problema #361
Não está na FNC.

Problema #362
Não, não é satisfatível.

Problema #363
Não está na FNC.

Problema #364
Não está na FNC.

Problema #365
Nem todas as cláusulas são de Horn.

Problema #366
Não, não é satisfatível.

Problema #367
Sim, é satisfatível.

Problema #368
Não, não é satisfatível.

Problema #369
Não, não é satisfatível.

Problema #370
Não está na FNC.

Problema #371
Não está na FNC.

Problema #373
Sim, é satisfatível.

Problema #374
Não está na FNC.

Problema #375
Não está na FNC.

Problema #376
Não, não é satisfatível.

Problema #377
Não está na FNC.

Problema #378
Não está na FNC.

Problema #379
Sim, é satisfatível.

Problema #380
Não está na FNC.

Problema #381
Não está na FNC.

Problema #382
Não está na FNC.

Problema #383
Sim, é satisfatível.

Problema #384
Não está na FNC.

Problema #385
Não está na FNC.

Problema #386
Não está na FNC.

Problema #387
Nem todas as cláusulas são de Horn.

Problema #388
Nem todas as cláusulas são de Horn.

Problema #389
Não está na FNC.

Problema #390
Sim, é satisfatível.

Problema #391
Não está na FNC.

Problema #392
Não está na FNC.

Problema #393
Não está na FNC.

Problema #394
Não está na FNC.

Problema #395
Não está na FNC.

Problema #396
Nem todas as cláusulas são de Horn.

Problema #397
Sim, é satisfatível.

Problema #398
Não, não é satisfatível.

Problema #399
Não está na FNC.

Problema #400
Sim, é satisfatível.

Problema #401
Não está na FNC.

Problema #402
Sim, é satisfatível.

Problema #403
Sim, é satisfatível.

Problema #404
Não está na FNC.

Problema #405
Nem todas as cláusulas são de Horn.

Problema #406
Não está na FNC.

Problema #407
Sim, é satisfatível.

Problema #408
Não está na FNC.

Problema #409
Não está na FNC.

Problema #410
Não está na FNC.

Problema #411
Não, não é satisfatível.

Problema #412
Não está na FNC.

Problema #413
Não, não é satisfatível.

Problema #414
Não está na FNC.

Problema #415
Não está na FNC.

Problema #416
Não, não é satisfatível.

Problema #417
Sim, é satisfatível.

Problema #418
Sim, é satisfatível.

Problema #419
Sim, é satisfatível.

Problema #420
Não, não é satisfatível.

Problema #421
Não está na FNC.

Problema #422
Nem todas as cláusulas são de Horn.

Problema #423
Não está na FNC.

Problema #424
Não está na FNC.

Problema #425
Não, não é satisfatível.

Problema #426
Sim, é satisfatível.

Problema #427
Sim, é satisfatível.

Problema #428
Sim, é satisfatível.

Problema #429
Nem todas as cláusulas são de Horn.

Problema #430
Sim, é satisfatível.

Problema #431
Sim, é satisfatível.

Problema #432
Sim, é satisfatível.

Problema #433
Não, não é satisfatível.

Problema #434
Sim, é satisfatível.

Problema #435
Não, não é satisfatível.

Problema #436
Não, não é satisfatível.

Problema #437
Não, não é satisfatível.

Problema #438
Não está na FNC.

Problema #439
Não está na FNC.

Problema #440
Sim, é satisfatível.

Problema #441
Sim, é satisfatível.

Problema #442
Não está na FNC.

Problema #443
Sim, é satisfatível.

Problema #444
Sim, é satisfatível.

Problema #445
Não está na FNC.

Problema #446
Nem todas as cláusulas são de Horn.

Problema #447
Nem todas as cláusulas são de Horn.

Problema #448
Sim, é satisfatível.

Problema #449
Não está na FNC.

Problema #450
Sim, é satisfatível.

Problema #451
Não está na FNC.

Problema #452
Sim, é satisfatível.

Problema #453
Sim, é satisfatível.

Problema #454
Sim, é satisfatível.

Problema #455
Não está na FNC.

Problema #456
Não está na FNC.

Problema #457
Sim, é satisfatível.

Problema #458
Sim, é satisfatível.

Problema #459
Nem todas as cláusulas são de Horn.

Problema #460
Não está na FNC.

Problema #461
Nem todas as cláusulas são de Horn.

Problema #462
Não está na FNC.

Problema #463
Não está na FNC.

Problema #464
Não está na FNC.

Problema #465
Não está na FNC.

Problema #466
Não está na FNC.

Problema #467
Sim, é satisfatível.

Problema #468
Não, não é satisfatível.

Problema #469
Sim, é satisfatível.

Problema #470
Nem todas as cláusulas são de Horn.

Problema #471
Não está na FNC.

Problema #472
Não está na FNC.

Problema #473
Não está na FNC.

Problema #474
Não está na FNC.

Problema #475
Não está na FNC.

Problema #476
Sim, é satisfatível.

Problema #477
Não está na FNC.

Problema #478
Nem todas as cláusulas são de Horn.

Problema #479
Nem todas as cláusulas são de Horn.

Problema #480
Não está na FNC.

Problema #481
Sim, é satisfatível.

Problema #482
Nem todas as cláusulas são de Horn.

Problema #483
Não está na FNC.

Problema #484
Sim, é satisfatível.

Problema #485
Não está na FNC.

Problema #486
Nem todas as cláusulas são de Horn.

Problema #487
Nem todas as cláusulas são de Horn.

Problema #488
Nem todas as cláusulas são de Horn.

Problema #489
Sim, é satisfatível.

Problema #490
Sim, é satisfatível.

Problema #491
Sim, é satisfatível.

Problema #492
Nem todas as cláusulas são de Horn.

Problema #493
Nem todas as cláusulas são de Horn.

Problema #494
Sim, é satisfatível.

Problema #495
Não está na FNC.

Problema #496
Nem todas as cláusulas são de Horn.

Problema #497
Sim, é satisfatível.

Problema #498
Não está na FNC.

Problema #499
Sim, é satisfatível.

Problema #500
Nem todas as cláusulas são de Horn.

Problema #501
Não, não é satisfatível.

Problema #502
Não está na FNC.

Problema #503
Não está na FNC.

Problema #504
Não está na FNC.

Problema #505
Não está na FNC.

Problema #506
Não está na FNC.

Problema #507
Não está na FNC.

Problema #508
Não está na FNC.

Problema #509
Não está na FNC.

Problema #510
Não está na FNC.

Problema #511
Não está na FNC.

Problema #512
Nem todas as cláusulas são de Horn.

Problema #513
Nem todas as cláusulas são de Horn.

Problema #514
Sim, é satisfatível.

Problema #515
Não está na FNC.

Problema #516
Não está na FNC.
